<?xml version="1.0" encoding="UTF-8"?>
<!-- Generated by org.testng.reporters.JUnitReportReporter -->
<testsuite hostname="SRAVAN-PC" failures="0" tests="3" name="com.generalStore.PrintToastMsgTest" time="280.053" errors="1" timestamp="2023-04-02T11:18:06 IST" skipped="1">
  <testcase classname="com.generalStore.PrintToastMsgTest" name="toastmsgTest" time="0.001">
    <skipped/>
  </testcase> <!-- toastmsgTest -->
  <system-out/>
  <testcase classname="com.generalStore.PrintToastMsgTest" name="toastmsgTest" time="169.408"/>
  <system-out/>
  <testcase classname="com.generalStore.PrintToastMsgTest" name="LaunchApp" time="110.644">
    <error message="Could not start a new session. Response code 500. Message: An unknown server-side error occurred while processing the command. Original error: Device RZCT406BZQM was not in the list of connected devices 
Host info: host: &#039;SRAVAN-PC&#039;, ip: &#039;192.168.190.1&#039;
Build info: version: &#039;4.8.1&#039;, revision: &#039;8ebccac989&#039;
System info: os.name: &#039;Windows 10&#039;, os.arch: &#039;amd64&#039;, os.version: &#039;10.0&#039;, java.version: &#039;11.0.17&#039;
Driver info: io.appium.java_client.android.AndroidDriver
Command: [null, newSession {capabilities=[{appium:appActivity=.SplashActivity, appium:appPackage=com.androidsample.generalstore, appium:automationName=uiautomator2, appium:chromedriverExecutable=C:\Users\Sravan Kumar\OneDrive\Desktop\NOTES\APPIUM\chromedriver.exe, appium:deviceName=Harish&#039;s F23&#039;, platformName=ANDROID, appium:platformVersion=13, appium:udid=RZCT406BZQM}], desiredCapabilities=Capabilities {appActivity: .SplashActivity, appPackage: com.androidsample.generalstore, automationName: uiautomator2, chromedriverExecutable: C:\Users\Sravan Kumar\OneDr..., deviceName: Harish&#039;s F23&#039;, platformName: ANDROID, platformVersion: 13, udid: RZCT406BZQM}}]
Capabilities {appActivity: .SplashActivity, appPackage: com.androidsample.generalstore, automationName: uiautomator2, chromedriverExecutable: C:\Users\Sravan Kumar\OneDr..., deviceName: Harish&#039;s F23&#039;, platformName: ANDROID, platformVersion: 13, udid: RZCT406BZQM}" type="org.openqa.selenium.SessionNotCreatedException">
      <![CDATA[org.openqa.selenium.SessionNotCreatedException: Could not start a new session. Response code 500. Message: An unknown server-side error occurred while processing the command. Original error: Device RZCT406BZQM was not in the list of connected devices 
Host info: host: 'SRAVAN-PC', ip: '192.168.190.1'
Build info: version: '4.8.1', revision: '8ebccac989'
System info: os.name: 'Windows 10', os.arch: 'amd64', os.version: '10.0', java.version: '11.0.17'
Driver info: io.appium.java_client.android.AndroidDriver
Command: [null, newSession {capabilities=[{appium:appActivity=.SplashActivity, appium:appPackage=com.androidsample.generalstore, appium:automationName=uiautomator2, appium:chromedriverExecutable=C:\Users\Sravan Kumar\OneDrive\Desktop\NOTES\APPIUM\chromedriver.exe, appium:deviceName=Harish's F23', platformName=ANDROID, appium:platformVersion=13, appium:udid=RZCT406BZQM}], desiredCapabilities=Capabilities {appActivity: .SplashActivity, appPackage: com.androidsample.generalstore, automationName: uiautomator2, chromedriverExecutable: C:\Users\Sravan Kumar\OneDr..., deviceName: Harish's F23', platformName: ANDROID, platformVersion: 13, udid: RZCT406BZQM}}]
Capabilities {appActivity: .SplashActivity, appPackage: com.androidsample.generalstore, automationName: uiautomator2, chromedriverExecutable: C:\Users\Sravan Kumar\OneDr..., deviceName: Harish's F23', platformName: ANDROID, platformVersion: 13, udid: RZCT406BZQM}
at org.openqa.selenium.remote.ProtocolHandshake.createSession(ProtocolHandshake.java:148)
at java.base/jdk.internal.reflect.NativeMethodAccessorImpl.invoke0(Native Method)
at java.base/jdk.internal.reflect.NativeMethodAccessorImpl.invoke(NativeMethodAccessorImpl.java:62)
at java.base/jdk.internal.reflect.DelegatingMethodAccessorImpl.invoke(DelegatingMethodAccessorImpl.java:43)
at java.base/java.lang.reflect.Method.invoke(Method.java:566)
at io.appium.java_client.remote.AppiumProtocolHandshake.createSession(AppiumProtocolHandshake.java:133)
at io.appium.java_client.remote.AppiumProtocolHandshake.createSession(AppiumProtocolHandshake.java:102)
at io.appium.java_client.remote.AppiumCommandExecutor.createSession(AppiumCommandExecutor.java:194)
at io.appium.java_client.remote.AppiumCommandExecutor.execute(AppiumCommandExecutor.java:262)
at org.openqa.selenium.remote.RemoteWebDriver.execute(RemoteWebDriver.java:543)
at io.appium.java_client.AppiumDriver.startSession(AppiumDriver.java:229)
at org.openqa.selenium.remote.RemoteWebDriver.<init>(RemoteWebDriver.java:157)
at io.appium.java_client.AppiumDriver.<init>(AppiumDriver.java:80)
at io.appium.java_client.AppiumDriver.<init>(AppiumDriver.java:92)
at io.appium.java_client.android.AndroidDriver.<init>(AndroidDriver.java:117)
at base.BaseClass.LaunchApp(BaseClass.java:56)
at java.base/jdk.internal.reflect.NativeMethodAccessorImpl.invoke0(Native Method)
at java.base/jdk.internal.reflect.NativeMethodAccessorImpl.invoke(NativeMethodAccessorImpl.java:62)
at java.base/jdk.internal.reflect.DelegatingMethodAccessorImpl.invoke(DelegatingMethodAccessorImpl.java:43)
at java.base/java.lang.reflect.Method.invoke(Method.java:566)
at org.testng.internal.invokers.MethodInvocationHelper.invokeMethod(MethodInvocationHelper.java:139)
at org.testng.internal.invokers.MethodInvocationHelper.invokeMethodConsideringTimeout(MethodInvocationHelper.java:69)
at org.testng.internal.invokers.ConfigInvoker.invokeConfigurationMethod(ConfigInvoker.java:361)
at org.testng.internal.invokers.ConfigInvoker.invokeConfigurations(ConfigInvoker.java:296)
at org.testng.internal.invokers.TestInvoker.runConfigMethods(TestInvoker.java:823)
at org.testng.internal.invokers.TestInvoker.invokeMethod(TestInvoker.java:590)
at org.testng.internal.invokers.TestInvoker.invokeTestMethod(TestInvoker.java:221)
at org.testng.internal.invokers.MethodRunner.runInSequence(MethodRunner.java:50)
at org.testng.internal.invokers.TestInvoker$MethodInvocationAgent.invoke(TestInvoker.java:969)
at org.testng.internal.invokers.TestInvoker.invokeTestMethods(TestInvoker.java:194)
at org.testng.internal.invokers.TestMethodWorker.invokeTestMethods(TestMethodWorker.java:148)
at org.testng.internal.invokers.TestMethodWorker.run(TestMethodWorker.java:128)
at java.base/java.util.ArrayList.forEach(ArrayList.java:1541)
at org.testng.TestRunner.privateRun(TestRunner.java:829)
at org.testng.TestRunner.run(TestRunner.java:602)
at org.testng.SuiteRunner.runTest(SuiteRunner.java:437)
at org.testng.SuiteRunner$SuiteWorker.run(SuiteRunner.java:475)
at org.testng.internal.thread.ThreadUtil.lambda$execute$0(ThreadUtil.java:58)
at java.base/java.util.concurrent.FutureTask.run(FutureTask.java:264)
at java.base/java.util.concurrent.ThreadPoolExecutor.runWorker(ThreadPoolExecutor.java:1128)
at java.base/java.util.concurrent.ThreadPoolExecutor$Worker.run(ThreadPoolExecutor.java:628)
at java.base/java.lang.Thread.run(Thread.java:834)
]]>
    </error>
  </testcase> <!-- LaunchApp -->
  <system-out/>
</testsuite> <!-- com.generalStore.PrintToastMsgTest -->
